mode: atomic
quic-test/client/client.go:68.35,75.12 5 0
quic-test/client/client.go:75.12,79.3 3 0
quic-test/client/client.go:81.2,84.20 3 0
quic-test/client/client.go:84.20,86.3 1 0
quic-test/client/client.go:87.2,89.12 2 0
quic-test/client/client.go:89.12,92.7 3 0
quic-test/client/client.go:92.7,93.11 1 0
quic-test/client/client.go:94.22,95.11 1 0
quic-test/client/client.go:96.39,100.43 4 0
quic-test/client/client.go:100.43,102.54 2 0
quic-test/client/client.go:102.54,104.7 1 0
quic-test/client/client.go:105.6,105.61 1 0
quic-test/client/client.go:107.5,113.24 7 0
quic-test/client/client.go:119.2,121.12 3 0
quic-test/client/client.go:121.12,124.19 3 0
quic-test/client/client.go:124.19,126.4 1 0
quic-test/client/client.go:127.3,128.15 2 0
quic-test/client/client.go:128.15,130.4 1 0
quic-test/client/client.go:131.3,131.7 1 0
quic-test/client/client.go:131.7,133.46 1 0
quic-test/client/client.go:133.46,136.5 2 0
quic-test/client/client.go:138.4,138.46 1 0
quic-test/client/client.go:138.46,141.5 2 0
quic-test/client/client.go:145.2,145.39 1 0
quic-test/client/client.go:145.39,147.23 2 0
quic-test/client/client.go:147.23,150.4 2 0
quic-test/client/client.go:154.2,154.12 1 0
quic-test/client/client.go:154.12,155.7 1 0
quic-test/client/client.go:155.7,156.11 1 0
quic-test/client/client.go:157.22,158.11 1 0
quic-test/client/client.go:159.39,160.40 1 0
quic-test/client/client.go:165.2,165.22 1 0
quic-test/client/client.go:165.22,167.13 2 0
quic-test/client/client.go:167.13,171.4 3 0
quic-test/client/client.go:174.2,180.16 4 0
quic-test/client/client.go:180.16,182.3 1 0
quic-test/client/client.go:185.115,187.15 2 0
quic-test/client/client.go:187.15,189.3 1 0
quic-test/client/client.go:189.8,189.52 1 0
quic-test/client/client.go:189.52,191.17 2 0
quic-test/client/client.go:191.17,194.38 3 0
quic-test/client/client.go:194.38,196.5 1 0
quic-test/client/client.go:197.4,200.10 4 0
quic-test/client/client.go:202.3,202.124 1 0
quic-test/client/client.go:203.8,206.3 1 0
quic-test/client/client.go:208.2,214.16 7 0
quic-test/client/client.go:214.16,216.37 2 0
quic-test/client/client.go:216.37,218.4 1 0
quic-test/client/client.go:219.3,222.9 4 0
quic-test/client/client.go:225.2,228.25 4 0
quic-test/client/client.go:228.25,230.3 1 0
quic-test/client/client.go:231.2,231.20 1 0
quic-test/client/client.go:231.20,233.3 1 0
quic-test/client/client.go:233.8,235.3 1 0
quic-test/client/client.go:236.2,240.35 4 0
quic-test/client/client.go:240.35,242.25 2 0
quic-test/client/client.go:242.25,245.4 2 0
quic-test/client/client.go:247.2,247.11 1 0
quic-test/client/client.go:251.146,253.16 2 0
quic-test/client/client.go:253.16,256.37 3 0
quic-test/client/client.go:256.37,258.4 1 0
quic-test/client/client.go:259.3,261.9 3 0
quic-test/client/client.go:263.2,267.36 3 0
quic-test/client/client.go:267.36,269.3 1 0
quic-test/client/client.go:270.2,281.6 11 0
quic-test/client/client.go:281.6,282.10 1 0
quic-test/client/client.go:283.21,284.10 1 0
quic-test/client/client.go:285.11,285.11 0 0
quic-test/client/client.go:288.3,288.29 1 0
quic-test/client/client.go:288.29,290.4 1 0
quic-test/client/client.go:292.3,292.62 1 0
quic-test/client/client.go:292.62,296.12 4 0
quic-test/client/client.go:299.3,301.20 3 0
quic-test/client/client.go:301.20,302.27 1 0
quic-test/client/client.go:302.27,304.5 1 0
quic-test/client/client.go:307.3,308.60 2 0
quic-test/client/client.go:308.60,313.4 4 0
quic-test/client/client.go:314.3,314.33 1 0
quic-test/client/client.go:314.33,326.18 12 0
quic-test/client/client.go:326.18,329.39 3 0
quic-test/client/client.go:329.39,331.6 1 0
quic-test/client/client.go:332.5,337.28 6 0
quic-test/client/client.go:337.28,338.54 1 0
quic-test/client/client.go:338.54,341.7 2 0
quic-test/client/client.go:343.5,343.28 1 0
quic-test/client/client.go:343.28,344.52 1 0
quic-test/client/client.go:344.52,347.7 2 0
quic-test/client/client.go:349.5,350.13 2 0
quic-test/client/client.go:352.4,352.41 1 0
quic-test/client/client.go:352.41,357.5 4 0
quic-test/client/client.go:358.4,362.23 5 0
quic-test/client/client.go:365.3,366.15 2 0
quic-test/client/client.go:366.15,368.4 1 0
quic-test/client/client.go:372.50,374.17 2 0
quic-test/client/client.go:375.16,375.16 0 0
quic-test/client/client.go:377.19,378.22 1 0
quic-test/client/client.go:378.22,380.4 1 0
quic-test/client/client.go:381.10,382.24 1 0
quic-test/client/client.go:384.2,384.12 1 0
quic-test/client/client.go:388.67,389.25 1 0
quic-test/client/client.go:389.25,391.3 1 0
quic-test/client/client.go:392.2,395.29 4 0
quic-test/client/client.go:395.29,397.3 1 0
quic-test/client/client.go:398.2,401.8 4 0
quic-test/client/client.go:405.46,406.25 1 0
quic-test/client/client.go:406.25,408.3 1 0
quic-test/client/client.go:409.2,410.30 2 0
quic-test/client/client.go:410.30,412.3 1 0
quic-test/client/client.go:413.2,415.30 3 0
quic-test/client/client.go:415.30,418.3 2 0
quic-test/client/client.go:419.2,419.40 1 0
quic-test/client/client.go:422.65,426.12 3 0
quic-test/client/client.go:426.12,428.3 1 0
quic-test/client/client.go:429.2,441.32 10 0
quic-test/client/client.go:441.32,443.39 2 0
quic-test/client/client.go:443.39,445.4 1 0
quic-test/client/client.go:446.3,446.53 1 0
quic-test/client/client.go:450.2,454.33 4 0
quic-test/client/client.go:454.33,456.3 1 0
quic-test/client/client.go:458.2,459.16 2 0
quic-test/client/client.go:459.16,461.3 1 0
quic-test/client/client.go:463.2,464.20 2 0
quic-test/client/client.go:464.20,466.3 1 0
quic-test/client/client.go:468.2,483.32 6 0
quic-test/client/client.go:483.32,485.3 1 0
quic-test/client/client.go:488.48,492.20 1 0
quic-test/client/client.go:492.20,496.3 3 0
quic-test/client/client.go:497.2,500.20 1 0
quic-test/client/client.go:500.20,504.3 3 0
quic-test/client/client.go:505.2,508.20 1 0
quic-test/client/client.go:508.20,512.3 3 0
quic-test/client/client.go:513.2,516.20 1 0
quic-test/client/client.go:516.20,519.34 3 0
quic-test/client/client.go:519.34,521.4 1 0
quic-test/client/client.go:522.3,523.39 2 0
quic-test/client/client.go:523.39,525.4 1 0
quic-test/client/client.go:526.3,526.47 1 0
quic-test/client/client.go:528.2,531.20 1 0
quic-test/client/client.go:531.20,535.34 4 0
quic-test/client/client.go:535.34,537.4 1 0
quic-test/client/client.go:538.3,538.17 1 0
quic-test/client/client.go:538.17,540.4 1 0
quic-test/client/client.go:541.3,541.11 1 0
quic-test/client/client.go:544.2,547.35 4 0
quic-test/client/client.go:551.40,552.11 1 0
quic-test/client/client.go:553.24,554.19 1 0
quic-test/client/client.go:555.24,556.19 1 0
quic-test/client/client.go:557.10,558.32 1 0
quic-test/client/client.go:561.42,562.12 1 0
quic-test/client/client.go:563.34,564.34 1 0
quic-test/client/client.go:565.34,566.34 1 0
quic-test/client/client.go:567.40,568.40 1 0
quic-test/client/client.go:569.10,570.33 1 0
quic-test/cmd/dashboard/dashboard.go:14.13,27.12 8 0
quic-test/cmd/dashboard/dashboard.go:27.12,31.3 3 0
quic-test/cmd/dashboard/dashboard.go:33.2,33.23 1 0
quic-test/cmd/dashboard/dashboard.go:37.34,47.68 8 0
quic-test/cmd/dashboard/dashboard.go:47.68,48.24 1 0
quic-test/cmd/dashboard/dashboard.go:48.24,50.4 1 0
quic-test/cmd/dashboard/dashboard.go:50.9,52.4 1 0
quic-test/cmd/dashboard/dashboard.go:56.2,56.78 1 0
quic-test/cmd/dashboard/dashboard.go:56.78,66.3 2 0
quic-test/cmd/dashboard/dashboard.go:69.2,69.84 1 0
quic-test/cmd/dashboard/dashboard.go:69.84,75.3 2 0
quic-test/cmd/dashboard/dashboard.go:77.2,77.83 1 0
quic-test/cmd/dashboard/dashboard.go:77.83,83.3 2 0
quic-test/cmd/dashboard/dashboard.go:86.2,86.81 1 0
quic-test/cmd/dashboard/dashboard.go:86.81,92.3 2 0
quic-test/cmd/dashboard/dashboard.go:94.2,94.80 1 0
quic-test/cmd/dashboard/dashboard.go:94.80,100.3 2 0
quic-test/cmd/dashboard/dashboard.go:103.2,104.43 2 0
quic-test/main.go:16.13,70.41 29 0
quic-test/main.go:70.41,74.3 3 0
quic-test/main.go:76.2,76.18 1 0
quic-test/main.go:77.16,79.18 2 0
quic-test/main.go:80.16,82.18 2 0
quic-test/main.go:83.14,84.88 1 0
quic-test/main.go:86.10,88.13 2 0
quic-test/cmd/masque/masque.go:14.79,21.33 3 0
quic-test/cmd/masque/masque.go:21.33,23.3 1 0
quic-test/cmd/masque/masque.go:26.2,42.42 5 0
quic-test/cmd/masque/masque.go:42.42,44.3 1 0
quic-test/cmd/masque/masque.go:47.2,60.15 4 0
quic-test/cmd/ice/ice.go:14.93,21.23 3 0
quic-test/cmd/ice/ice.go:21.23,22.58 1 0
quic-test/cmd/ice/ice.go:22.58,23.20 1 0
quic-test/cmd/ice/ice.go:23.20,25.5 1 0
quic-test/cmd/ice/ice.go:30.2,31.23 2 0
quic-test/cmd/ice/ice.go:31.23,32.58 1 0
quic-test/cmd/ice/ice.go:32.58,33.20 1 0
quic-test/cmd/ice/ice.go:33.20,35.5 1 0
quic-test/cmd/ice/ice.go:40.2,57.42 5 0
quic-test/cmd/ice/ice.go:57.42,59.3 1 0
quic-test/cmd/ice/ice.go:62.2,75.15 4 0
quic-test/cmd/quic-client/main.go:15.13,43.90 24 0
quic-test/cmd/quic-client/main.go:43.90,46.3 2 0
quic-test/cmd/quic-client/main.go:48.2,81.12 7 0
quic-test/cmd/quic-client/main.go:81.12,85.3 3 0
quic-test/cmd/quic-client/main.go:88.2,91.17 2 0
quic-test/cmd/quic-client/main.go:95.90,96.15 1 0
quic-test/cmd/quic-client/main.go:96.15,98.3 1 0
quic-test/cmd/quic-client/main.go:99.2,99.40 1 0
quic-test/cmd/quic-client/main.go:99.40,101.3 1 0
quic-test/cmd/quic-client/main.go:102.2,102.38 1 0
quic-test/cmd/quic-client/main.go:102.38,104.3 1 0
quic-test/cmd/quic-client/main.go:105.2,105.32 1 0
quic-test/cmd/quic-client/main.go:105.32,107.3 1 0
quic-test/cmd/quic-client/main.go:109.2,109.12 1 0
quic-test/cmd/enhanced/enhanced.go:16.139,21.43 3 0
quic-test/cmd/enhanced/enhanced.go:21.43,23.3 1 0
quic-test/cmd/enhanced/enhanced.go:26.2,27.26 2 0
quic-test/cmd/enhanced/enhanced.go:27.26,28.61 1 0
quic-test/cmd/enhanced/enhanced.go:28.61,29.20 1 0
quic-test/cmd/enhanced/enhanced.go:29.20,31.5 1 0
quic-test/cmd/enhanced/enhanced.go:36.2,37.26 2 0
quic-test/cmd/enhanced/enhanced.go:37.26,38.61 1 0
quic-test/cmd/enhanced/enhanced.go:38.61,39.20 1 0
quic-test/cmd/enhanced/enhanced.go:39.20,41.5 1 0
quic-test/cmd/enhanced/enhanced.go:46.2,83.42 7 0
quic-test/cmd/enhanced/enhanced.go:83.42,85.3 1 0
quic-test/cmd/enhanced/enhanced.go:88.2,100.15 4 0
quic-test/internal/report.go:14.52,16.18 2 0
quic-test/internal/report.go:16.18,18.3 1 0
quic-test/internal/report.go:19.2,20.20 2 0
quic-test/internal/report.go:20.20,22.3 1 0
quic-test/internal/report.go:24.2,27.16 3 0
quic-test/internal/report.go:28.14,29.73 1 0
quic-test/internal/report.go:30.13,31.56 1 0
quic-test/internal/report.go:32.12,33.50 1 0
quic-test/internal/report.go:34.10,35.50 1 0
quic-test/internal/report.go:38.2,38.21 1 0
quic-test/internal/report.go:38.21,40.3 1 0
quic-test/internal/report.go:41.2,41.16 1 0
quic-test/internal/report.go:41.16,43.3 1 0
quic-test/internal/report.go:44.2,45.12 2 0
quic-test/internal/report.go:50.54,55.2 1 0
quic-test/internal/report.go:57.60,60.2 1 0
quic-test/internal/report.go:62.54,64.16 2 0
quic-test/internal/report.go:64.16,66.3 1 0
quic-test/internal/report.go:67.2,70.25 4 0
quic-test/internal/report.go:73.61,75.9 2 0
quic-test/internal/report.go:75.9,77.3 1 0
quic-test/internal/report.go:78.2,95.30 15 0
quic-test/internal/report.go:95.30,97.9 2 0
quic-test/internal/report.go:97.9,99.4 1 0
quic-test/internal/report.go:101.2,102.33 2 0
quic-test/internal/report.go:102.33,104.9 2 0
quic-test/internal/report.go:104.9,106.4 1 0
quic-test/internal/report.go:108.2,109.33 2 0
quic-test/internal/report.go:109.33,111.9 2 0
quic-test/internal/report.go:111.9,113.4 1 0
quic-test/internal/report.go:115.2,116.34 2 0
quic-test/internal/report.go:116.34,118.9 2 0
quic-test/internal/report.go:118.9,120.4 1 0
quic-test/internal/report.go:122.2,123.36 2 0
quic-test/internal/report.go:123.36,125.9 2 0
quic-test/internal/report.go:125.9,127.4 1 0
quic-test/internal/report.go:130.2,132.30 3 0
quic-test/internal/report.go:132.30,134.9 2 0
quic-test/internal/report.go:134.9,136.4 1 0
quic-test/internal/report.go:138.2,142.33 5 0
quic-test/internal/report.go:142.33,144.9 2 0
quic-test/internal/report.go:144.9,146.4 1 0
quic-test/internal/report.go:148.2,152.33 5 0
quic-test/internal/report.go:152.33,154.9 2 0
quic-test/internal/report.go:154.9,156.4 1 0
quic-test/internal/report.go:158.2,162.34 5 0
quic-test/internal/report.go:162.34,164.9 2 0
quic-test/internal/report.go:164.9,166.4 1 0
quic-test/internal/report.go:168.2,172.36 5 0
quic-test/internal/report.go:172.36,174.9 2 0
quic-test/internal/report.go:174.9,176.4 1 0
quic-test/internal/report.go:178.2,180.21 3 0
quic-test/internal/report.go:184.60,185.20 1 0
quic-test/internal/report.go:185.20,187.3 1 0
quic-test/internal/report.go:189.2,191.25 3 0
quic-test/internal/report.go:191.25,192.14 1 0
quic-test/internal/report.go:192.14,194.4 1 0
quic-test/internal/report.go:195.3,195.14 1 0
quic-test/internal/report.go:195.14,197.4 1 0
quic-test/internal/report.go:199.2,199.85 1 0
quic-test/internal/report.go:203.67,204.25 1 0
quic-test/internal/report.go:204.25,206.3 1 0
quic-test/internal/report.go:207.2,210.29 4 0
quic-test/internal/report.go:210.29,212.3 1 0
quic-test/internal/report.go:213.2,216.8 4 0
quic-test/internal/report.go:218.46,219.25 1 0
quic-test/internal/report.go:219.25,221.3 1 0
quic-test/internal/report.go:222.2,223.30 2 0
quic-test/internal/report.go:223.30,225.3 1 0
quic-test/internal/report.go:226.2,228.30 3 0
quic-test/internal/report.go:228.30,231.3 2 0
quic-test/internal/report.go:232.2,232.40 1 0
quic-test/internal/report.go:234.46,235.25 1 0
quic-test/internal/report.go:235.25,237.3 1 0
quic-test/internal/report.go:238.2,239.30 2 0
quic-test/internal/report.go:239.30,241.3 1 0
quic-test/internal/report.go:242.2,242.38 1 0
quic-test/internal/tlsutil.go:14.55,30.2 7 0
quic-test/internal/cli/commands.go:71.52,118.2 19 0
quic-test/internal/cli/commands.go:121.33,123.16 2 0
quic-test/internal/cli/commands.go:123.16,125.3 1 0
quic-test/internal/cli/commands.go:126.2,126.15 1 0
quic-test/internal/cli/commands.go:130.17,137.34 7 0
quic-test/internal/cli/commands.go:137.34,139.3 1 0
quic-test/internal/cli/commands.go:140.2,142.22 3 0
quic-test/internal/cli/commands.go:146.37,150.2 2 0
quic-test/internal/cli/commands.go:153.37,157.2 2 0
quic-test/internal/cli/commands.go:160.35,164.2 2 0
quic-test/internal/cli/commands.go:167.40,188.68 11 0
quic-test/internal/cli/commands.go:188.68,189.24 1 0
quic-test/internal/cli/commands.go:189.24,191.4 1 0
quic-test/internal/cli/commands.go:191.9,193.4 1 0
quic-test/internal/cli/commands.go:197.2,197.78 1 0
quic-test/internal/cli/commands.go:197.78,199.25 2 0
quic-test/internal/cli/commands.go:199.25,201.4 1 0
quic-test/internal/cli/commands.go:201.9,210.4 1 0
quic-test/internal/cli/commands.go:214.2,214.79 1 0
quic-test/internal/cli/commands.go:214.79,218.3 3 0
quic-test/internal/cli/commands.go:221.2,221.78 1 0
quic-test/internal/cli/commands.go:221.78,238.3 2 0
quic-test/internal/cli/commands.go:241.2,241.84 1 0
quic-test/internal/cli/commands.go:241.84,243.25 2 0
quic-test/internal/cli/commands.go:243.25,245.18 2 0
quic-test/internal/cli/commands.go:245.18,251.5 2 0
quic-test/internal/cli/commands.go:252.4,255.6 1 0
quic-test/internal/cli/commands.go:256.9,261.4 1 0
quic-test/internal/cli/commands.go:264.2,264.83 1 0
quic-test/internal/cli/commands.go:264.83,266.25 2 0
quic-test/internal/cli/commands.go:266.25,268.18 2 0
quic-test/internal/cli/commands.go:268.18,274.5 2 0
quic-test/internal/cli/commands.go:275.4,278.6 1 0
quic-test/internal/cli/commands.go:279.9,284.4 1 0
quic-test/internal/cli/commands.go:288.2,288.84 1 0
quic-test/internal/cli/commands.go:288.84,290.25 2 0
quic-test/internal/cli/commands.go:290.25,292.18 2 0
quic-test/internal/cli/commands.go:292.18,298.5 2 0
quic-test/internal/cli/commands.go:299.4,302.6 1 0
quic-test/internal/cli/commands.go:303.9,308.4 1 0
quic-test/internal/cli/commands.go:311.2,311.83 1 0
quic-test/internal/cli/commands.go:311.83,313.25 2 0
quic-test/internal/cli/commands.go:313.25,315.18 2 0
quic-test/internal/cli/commands.go:315.18,321.5 2 0
quic-test/internal/cli/commands.go:322.4,325.6 1 0
quic-test/internal/cli/commands.go:326.9,331.4 1 0
quic-test/internal/cli/commands.go:335.2,335.82 1 0
quic-test/internal/cli/commands.go:335.82,337.25 2 0
quic-test/internal/cli/commands.go:337.25,345.70 2 0
quic-test/internal/cli/commands.go:345.70,351.5 2 0
quic-test/internal/cli/commands.go:354.4,354.34 1 0
quic-test/internal/cli/commands.go:354.34,356.5 1 0
quic-test/internal/cli/commands.go:357.4,357.35 1 0
quic-test/internal/cli/commands.go:357.35,359.5 1 0
quic-test/internal/cli/commands.go:360.4,360.32 1 0
quic-test/internal/cli/commands.go:360.32,362.5 1 0
quic-test/internal/cli/commands.go:365.4,374.18 4 0
quic-test/internal/cli/commands.go:374.18,380.5 2 0
quic-test/internal/cli/commands.go:382.4,386.6 1 0
quic-test/internal/cli/commands.go:387.9,392.4 1 0
quic-test/internal/cli/commands.go:396.2,396.84 1 0
quic-test/internal/cli/commands.go:396.84,403.3 3 0
quic-test/internal/cli/commands.go:405.2,405.83 1 0
quic-test/internal/cli/commands.go:405.83,412.3 3 0
quic-test/internal/cli/commands.go:415.2,415.81 1 0
quic-test/internal/cli/commands.go:415.81,422.3 3 0
quic-test/internal/cli/commands.go:424.2,424.80 1 0
quic-test/internal/cli/commands.go:424.80,431.3 3 0
quic-test/internal/cli/commands.go:434.2,434.79 1 0
quic-test/internal/cli/commands.go:434.79,437.3 2 0
quic-test/internal/cli/commands.go:440.2,441.12 2 0
quic-test/internal/cli/commands.go:445.37,450.2 2 0
quic-test/internal/cli/commands.go:453.34,458.2 2 0
quic-test/internal/cli/commands.go:461.39,466.2 2 0
quic-test/internal/dashboard/metrics.go:45.42,52.2 1 0
quic-test/internal/dashboard/metrics.go:55.43,64.42 6 0
quic-test/internal/dashboard/metrics.go:64.42,72.3 6 0
quic-test/internal/dashboard/metrics.go:72.8,72.28 1 0
quic-test/internal/dashboard/metrics.go:72.28,80.3 6 0
quic-test/internal/dashboard/metrics.go:80.8,80.25 1 0
quic-test/internal/dashboard/metrics.go:80.25,88.3 6 0
quic-test/internal/dashboard/metrics.go:88.8,96.3 6 0
quic-test/internal/dashboard/metrics.go:99.2,104.34 4 0
quic-test/internal/dashboard/metrics.go:104.34,108.3 3 0
quic-test/internal/dashboard/metrics.go:112.63,148.2 3 0
quic-test/internal/dashboard/metrics.go:151.63,157.33 4 0
quic-test/internal/dashboard/metrics.go:157.33,159.3 1 0
quic-test/internal/dashboard/metrics.go:161.2,165.3 1 0
quic-test/internal/dashboard/metrics.go:169.58,173.2 3 0
quic-test/internal/dashboard/metrics.go:176.58,180.2 3 0
quic-test/internal/dashboard/metrics.go:183.56,187.12 4 0
quic-test/internal/dashboard/metrics.go:187.12,189.3 1 0
quic-test/internal/dashboard/metrics.go:193.53,197.12 4 0
quic-test/internal/dashboard/metrics.go:197.12,199.3 1 0
quic-test/internal/ice/ice_tester.go:102.69,109.2 1 0
quic-test/internal/ice/ice_tester.go:112.55,116.17 3 0
quic-test/internal/ice/ice_tester.go:116.17,118.3 1 0
quic-test/internal/ice/ice_tester.go:120.2,128.48 4 0
quic-test/internal/ice/ice_tester.go:128.48,130.3 1 0
quic-test/internal/ice/ice_tester.go:133.2,135.12 2 0
quic-test/internal/ice/ice_tester.go:139.35,143.18 3 0
quic-test/internal/ice/ice_tester.go:143.18,145.3 1 0
quic-test/internal/ice/ice_tester.go:147.2,153.21 5 0
quic-test/internal/ice/ice_tester.go:153.21,155.3 1 0
quic-test/internal/ice/ice_tester.go:157.2,157.12 1 0
quic-test/internal/ice/ice_tester.go:161.49,168.47 3 0
quic-test/internal/ice/ice_tester.go:168.47,170.17 2 0
quic-test/internal/ice/ice_tester.go:170.17,172.12 2 0
quic-test/internal/ice/ice_tester.go:174.3,174.27 1 0
quic-test/internal/ice/ice_tester.go:178.2,178.47 1 0
quic-test/internal/ice/ice_tester.go:178.47,180.17 2 0
quic-test/internal/ice/ice_tester.go:180.17,182.12 2 0
quic-test/internal/ice/ice_tester.go:184.3,184.27 1 0
quic-test/internal/ice/ice_tester.go:188.2,195.16 3 0
quic-test/internal/ice/ice_tester.go:195.16,197.3 1 0
quic-test/internal/ice/ice_tester.go:199.2,202.48 2 0
quic-test/internal/ice/ice_tester.go:202.48,204.3 1 0
quic-test/internal/ice/ice_tester.go:206.2,207.12 2 0
quic-test/internal/ice/ice_tester.go:211.49,213.55 1 0
quic-test/internal/ice/ice_tester.go:213.55,214.15 1 0
quic-test/internal/ice/ice_tester.go:214.15,216.4 1 0
quic-test/internal/ice/ice_tester.go:218.3,227.19 3 0
quic-test/internal/ice/ice_tester.go:228.30,229.31 1 0
quic-test/internal/ice/ice_tester.go:230.41,231.42 1 0
quic-test/internal/ice/ice_tester.go:232.31,233.32 1 0
quic-test/internal/ice/ice_tester.go:235.17,237.3 1 0
quic-test/internal/ice/ice_tester.go:240.2,240.73 1 0
quic-test/internal/ice/ice_tester.go:240.73,243.12 2 0
quic-test/internal/ice/ice_tester.go:244.37,246.61 2 0
quic-test/internal/ice/ice_tester.go:247.40,248.49 1 0
quic-test/internal/ice/ice_tester.go:249.34,251.44 2 0
quic-test/internal/ice/ice_tester.go:253.17,255.3 1 0
quic-test/internal/ice/ice_tester.go:257.2,257.12 1 0
quic-test/internal/ice/ice_tester.go:261.52,266.41 3 0
quic-test/internal/ice/ice_tester.go:266.41,268.3 1 0
quic-test/internal/ice/ice_tester.go:271.2,272.41 2 0
quic-test/internal/ice/ice_tester.go:272.41,274.3 1 0
quic-test/internal/ice/ice_tester.go:277.2,278.55 2 0
quic-test/internal/ice/ice_tester.go:278.55,280.3 1 0
quic-test/internal/ice/ice_tester.go:283.2,284.51 2 0
quic-test/internal/ice/ice_tester.go:284.51,286.3 1 0
quic-test/internal/ice/ice_tester.go:289.2,290.49 2 0
quic-test/internal/ice/ice_tester.go:290.49,292.3 1 0
quic-test/internal/ice/ice_tester.go:294.2,294.41 1 0
quic-test/internal/ice/ice_tester.go:298.58,301.47 2 0
quic-test/internal/ice/ice_tester.go:301.47,308.17 4 0
quic-test/internal/ice/ice_tester.go:308.17,310.12 2 0
quic-test/internal/ice/ice_tester.go:312.3,319.17 4 0
quic-test/internal/ice/ice_tester.go:319.17,321.12 2 0
quic-test/internal/ice/ice_tester.go:324.3,330.17 5 0
quic-test/internal/ice/ice_tester.go:330.17,332.12 2 0
quic-test/internal/ice/ice_tester.go:335.3,340.52 3 0
quic-test/internal/ice/ice_tester.go:343.2,343.12 1 0
quic-test/internal/ice/ice_tester.go:347.58,350.47 2 0
quic-test/internal/ice/ice_tester.go:350.47,357.17 4 0
quic-test/internal/ice/ice_tester.go:357.17,359.12 2 0
quic-test/internal/ice/ice_tester.go:361.3,372.17 4 0
quic-test/internal/ice/ice_tester.go:372.17,375.12 3 0
quic-test/internal/ice/ice_tester.go:378.3,384.17 5 0
quic-test/internal/ice/ice_tester.go:384.17,387.12 3 0
quic-test/internal/ice/ice_tester.go:390.3,395.52 3 0
quic-test/internal/ice/ice_tester.go:398.2,398.12 1 0
quic-test/internal/ice/ice_tester.go:402.72,406.52 2 0
quic-test/internal/ice/ice_tester.go:406.52,408.3 1 0
quic-test/internal/ice/ice_tester.go:411.2,414.9 3 0
quic-test/internal/ice/ice_tester.go:415.19,416.56 1 0
quic-test/internal/ice/ice_tester.go:417.20,418.19 1 0
quic-test/internal/ice/ice_tester.go:421.2,427.12 2 0
quic-test/internal/ice/ice_tester.go:431.68,449.2 7 0
quic-test/internal/ice/ice_tester.go:452.66,463.37 3 0
quic-test/internal/ice/ice_tester.go:463.37,470.3 3 0
quic-test/internal/ice/ice_tester.go:472.2,472.12 1 0
quic-test/internal/ice/ice_tester.go:476.47,480.2 3 0
quic-test/internal/ice/ice_tester.go:483.43,487.2 3 0
quic-test/internal/ice/ice_tester.go:490.38,494.2 3 0
quic-test/cmd/quic-server/main.go:14.13,29.67 11 0
quic-test/cmd/quic-server/main.go:29.67,32.3 2 0
quic-test/cmd/quic-server/main.go:34.2,45.20 3 0
quic-test/cmd/quic-server/main.go:45.20,47.3 1 0
quic-test/cmd/quic-server/main.go:48.2,48.25 1 0
quic-test/cmd/quic-server/main.go:48.25,50.3 1 0
quic-test/cmd/quic-server/main.go:53.2,56.12 3 0
quic-test/cmd/quic-server/main.go:56.12,60.3 3 0
quic-test/cmd/quic-server/main.go:63.2,63.17 1 0
quic-test/cmd/quic-server/main.go:67.64,68.47 1 0
quic-test/cmd/quic-server/main.go:68.47,70.3 1 0
quic-test/cmd/quic-server/main.go:71.2,71.47 1 0
quic-test/cmd/quic-server/main.go:71.47,73.3 1 0
quic-test/cmd/quic-server/main.go:74.2,74.12 1 0
quic-test/internal/integration/enhanced_tester.go:66.84,71.2 1 0
quic-test/internal/integration/enhanced_tester.go:74.60,78.17 3 0
quic-test/internal/integration/enhanced_tester.go:78.17,80.3 1 0
quic-test/internal/integration/enhanced_tester.go:82.2,91.28 4 0
quic-test/internal/integration/enhanced_tester.go:91.28,95.52 3 0
quic-test/internal/integration/enhanced_tester.go:95.52,98.4 2 0
quic-test/internal/integration/enhanced_tester.go:102.2,102.25 1 0
quic-test/internal/integration/enhanced_tester.go:102.25,106.49 3 0
quic-test/internal/integration/enhanced_tester.go:106.49,109.4 2 0
quic-test/internal/integration/enhanced_tester.go:113.2,116.12 3 0
quic-test/internal/integration/enhanced_tester.go:120.40,124.18 3 0
quic-test/internal/integration/enhanced_tester.go:124.18,126.3 1 0
quic-test/internal/integration/enhanced_tester.go:128.2,131.28 2 0
quic-test/internal/integration/enhanced_tester.go:131.28,132.48 1 0
quic-test/internal/integration/enhanced_tester.go:132.48,134.4 1 0
quic-test/internal/integration/enhanced_tester.go:138.2,138.25 1 0
quic-test/internal/integration/enhanced_tester.go:138.25,139.45 1 0
quic-test/internal/integration/enhanced_tester.go:139.45,141.4 1 0
quic-test/internal/integration/enhanced_tester.go:144.2,146.12 3 0
quic-test/internal/integration/enhanced_tester.go:150.61,154.6 3 0
quic-test/internal/integration/enhanced_tester.go:154.6,155.10 1 0
quic-test/internal/integration/enhanced_tester.go:156.21,157.10 1 0
quic-test/internal/integration/enhanced_tester.go:158.19,159.22 1 0
quic-test/internal/integration/enhanced_tester.go:165.43,173.2 3 0
quic-test/internal/integration/enhanced_tester.go:176.57,187.28 4 0
quic-test/internal/integration/enhanced_tester.go:187.28,189.3 1 0
quic-test/internal/integration/enhanced_tester.go:192.2,192.25 1 0
quic-test/internal/integration/enhanced_tester.go:192.25,194.3 1 0
quic-test/internal/integration/enhanced_tester.go:197.2,197.27 1 0
quic-test/internal/integration/enhanced_tester.go:197.27,201.3 3 0
quic-test/internal/integration/enhanced_tester.go:203.2,203.24 1 0
quic-test/internal/integration/enhanced_tester.go:203.24,207.3 3 0
quic-test/internal/integration/enhanced_tester.go:210.2,210.28 1 0
quic-test/internal/integration/enhanced_tester.go:210.28,212.3 1 0
quic-test/internal/integration/enhanced_tester.go:214.2,214.16 1 0
quic-test/internal/integration/enhanced_tester.go:218.43,222.2 3 0
quic-test/internal/integration/enhanced_tester.go:225.66,229.2 3 0
quic-test/internal/integration/enhanced_tester.go:232.57,236.2 3 0
quic-test/internal/masque/capsule_tester.go:31.80,36.2 1 0
quic-test/internal/masque/capsule_tester.go:39.100,49.26 4 0
quic-test/internal/masque/capsule_tester.go:49.26,50.10 1 0
quic-test/internal/masque/capsule_tester.go:51.21,52.36 1 0
quic-test/internal/masque/capsule_tester.go:53.11,59.17 3 0
quic-test/internal/masque/capsule_tester.go:59.17,61.5 1 0
quic-test/internal/masque/capsule_tester.go:65.2,69.28 2 0
quic-test/internal/masque/capsule_tester.go:73.82,98.35 5 0
quic-test/internal/masque/capsule_tester.go:98.35,99.10 1 0
quic-test/internal/masque/capsule_tester.go:100.21,101.36 1 0
quic-test/internal/masque/capsule_tester.go:102.11,104.50 1 0
quic-test/internal/masque/capsule_tester.go:104.50,106.13 2 0
quic-test/internal/masque/capsule_tester.go:108.4,112.14 3 0
quic-test/internal/masque/capsule_tester.go:116.2,120.28 2 0
quic-test/internal/masque/capsule_tester.go:124.103,132.26 5 0
quic-test/internal/masque/capsule_tester.go:132.26,134.3 1 0
quic-test/internal/masque/capsule_tester.go:136.2,136.35 1 0
quic-test/internal/masque/capsule_tester.go:136.35,137.10 1 0
quic-test/internal/masque/capsule_tester.go:138.21,139.23 1 0
quic-test/internal/masque/capsule_tester.go:140.11,149.50 2 0
quic-test/internal/masque/capsule_tester.go:149.50,151.13 2 0
quic-test/internal/masque/capsule_tester.go:154.4,155.36 2 0
quic-test/internal/masque/capsule_tester.go:159.2,166.24 4 0
quic-test/internal/masque/capsule_tester.go:170.82,185.48 5 0
quic-test/internal/masque/capsule_tester.go:185.48,187.3 1 0
quic-test/internal/masque/capsule_tester.go:190.2,197.21 4 0
quic-test/internal/masque/capsule_tester.go:201.62,213.2 3 0
quic-test/internal/masque/capsule_tester.go:216.70,217.20 1 0
quic-test/internal/masque/capsule_tester.go:217.20,219.3 1 0
quic-test/internal/masque/capsule_tester.go:222.2,222.19 1 0
quic-test/internal/masque/capsule_tester.go:222.19,224.3 1 0
quic-test/internal/masque/capsule_tester.go:227.2,231.21 3 0
quic-test/internal/masque/capsule_tester.go:231.21,233.3 1 0
quic-test/internal/masque/capsule_tester.go:235.2,240.47 4 0
quic-test/internal/masque/capsule_tester.go:240.47,242.3 1 0
quic-test/internal/masque/capsule_tester.go:244.2,245.23 2 0
quic-test/internal/masque/capsule_tester.go:245.23,247.3 1 0
quic-test/internal/masque/capsule_tester.go:249.2,253.8 1 0
quic-test/internal/masque/capsule_tester.go:257.73,274.28 8 0
quic-test/internal/masque/capsule_tester.go:274.28,276.3 1 0
quic-test/internal/masque/capsule_tester.go:278.2,278.17 1 0
quic-test/internal/masque/capsule_tester.go:282.73,299.48 6 0
quic-test/internal/masque/capsule_tester.go:299.48,301.3 1 0
quic-test/internal/masque/capsule_tester.go:303.2,304.12 2 0
quic-test/internal/masque/capsule_tester.go:308.39,311.2 2 0
quic-test/internal/masque/connect_ip_tester.go:27.84,32.2 1 0
quic-test/internal/masque/connect_ip_tester.go:35.105,50.2 5 0
quic-test/internal/masque/connect_ip_tester.go:53.65,62.2 2 0
quic-test/internal/masque/connect_ip_tester.go:65.64,71.19 2 0
quic-test/internal/masque/connect_ip_tester.go:71.19,73.20 2 0
quic-test/internal/masque/connect_ip_tester.go:73.20,75.4 1 0
quic-test/internal/masque/connect_ip_tester.go:76.3,76.20 1 0
quic-test/internal/masque/connect_ip_tester.go:76.20,78.4 1 0
quic-test/internal/masque/connect_ip_tester.go:79.3,79.20 1 0
quic-test/internal/masque/connect_ip_tester.go:79.20,81.4 1 0
quic-test/internal/masque/connect_ip_tester.go:82.3,82.16 1 0
quic-test/internal/masque/connect_ip_tester.go:85.2,85.15 1 0
quic-test/internal/masque/connect_ip_tester.go:89.47,94.2 2 0
quic-test/internal/masque/connect_ip_tester.go:97.54,99.2 1 0
quic-test/internal/masque/connect_ip_tester.go:102.55,104.15 2 0
quic-test/internal/masque/connect_ip_tester.go:104.15,106.3 1 0
quic-test/internal/masque/connect_ip_tester.go:107.2,107.28 1 0
quic-test/internal/masque/connect_ip_tester.go:111.64,114.2 1 0
quic-test/internal/masque/connect_ip_tester.go:117.68,119.2 1 0
quic-test/internal/masque/connect_ip_tester.go:122.69,124.2 1 0
quic-test/internal/masque/connect_ip_tester.go:127.70,132.16 4 0
quic-test/internal/masque/connect_ip_tester.go:132.16,134.3 1 0
quic-test/internal/masque/connect_ip_tester.go:136.2,138.16 3 0
quic-test/internal/masque/connect_ip_tester.go:138.16,140.3 1 0
quic-test/internal/masque/connect_ip_tester.go:142.2,143.21 2 0
quic-test/internal/masque/connect_ip_tester.go:147.89,149.26 2 0
quic-test/internal/masque/connect_ip_tester.go:149.26,151.3 1 0
quic-test/internal/masque/connect_ip_tester.go:153.2,156.35 3 0
quic-test/internal/masque/connect_ip_tester.go:156.35,158.17 2 0
quic-test/internal/masque/connect_ip_tester.go:158.17,160.4 1 0
quic-test/internal/masque/connect_ip_tester.go:161.3,161.36 1 0
quic-test/internal/masque/connect_ip_tester.go:164.2,167.24 3 0
quic-test/internal/masque/connect_ip_tester.go:171.55,187.16 4 0
quic-test/internal/masque/connect_ip_tester.go:187.16,189.3 1 0
quic-test/internal/masque/connect_ip_tester.go:192.2,194.16 3 0
quic-test/internal/masque/connect_ip_tester.go:194.16,196.3 1 0
quic-test/internal/masque/connect_ip_tester.go:198.2,199.12 2 0
quic-test/internal/masque/connect_ip_tester.go:203.42,206.2 2 0
quic-test/internal/masque/connect_udp_tester.go:27.86,32.2 1 0
quic-test/internal/masque/connect_udp_tester.go:35.106,40.16 3 0
quic-test/internal/masque/connect_udp_tester.go:40.16,42.3 1 0
quic-test/internal/masque/connect_udp_tester.go:44.2,45.16 2 0
quic-test/internal/masque/connect_udp_tester.go:45.16,47.3 1 0
quic-test/internal/masque/connect_udp_tester.go:49.2,59.18 4 0
quic-test/internal/masque/connect_udp_tester.go:63.67,66.2 1 0
quic-test/internal/masque/connect_udp_tester.go:69.66,73.2 2 0
quic-test/internal/masque/connect_udp_tester.go:76.49,79.2 2 0
quic-test/internal/masque/connect_udp_tester.go:82.56,84.2 1 0
quic-test/internal/masque/connect_udp_tester.go:87.57,89.2 1 0
quic-test/internal/masque/connect_udp_tester.go:92.66,94.2 1 0
quic-test/internal/masque/connect_udp_tester.go:97.70,99.2 1 0
quic-test/internal/masque/connect_udp_tester.go:102.71,104.2 1 0
quic-test/internal/masque/connect_udp_tester.go:107.88,112.16 3 0
quic-test/internal/masque/connect_udp_tester.go:112.16,114.3 1 0
quic-test/internal/masque/connect_udp_tester.go:115.2,120.16 4 0
quic-test/internal/masque/connect_udp_tester.go:120.16,122.3 1 0
quic-test/internal/masque/connect_udp_tester.go:125.2,127.16 3 0
quic-test/internal/masque/connect_udp_tester.go:127.16,130.3 1 0
quic-test/internal/masque/connect_udp_tester.go:132.2,133.12 2 0
quic-test/internal/masque/connect_udp_tester.go:137.96,140.33 2 0
quic-test/internal/masque/connect_udp_tester.go:140.33,141.58 1 0
quic-test/internal/masque/connect_udp_tester.go:141.58,143.12 2 0
quic-test/internal/masque/connect_udp_tester.go:147.2,148.12 2 0
quic-test/internal/masque/connect_udp_tester.go:152.44,155.2 2 0
quic-test/internal/masque/masque_tester.go:99.78,106.2 1 0
quic-test/internal/masque/masque_tester.go:109.58,113.17 3 0
quic-test/internal/masque/masque_tester.go:113.17,115.3 1 0
quic-test/internal/masque/masque_tester.go:117.2,133.12 8 0
quic-test/internal/masque/masque_tester.go:137.38,141.18 3 0
quic-test/internal/masque/masque_tester.go:141.18,143.3 1 0
quic-test/internal/masque/masque_tester.go:145.2,151.32 5 0
quic-test/internal/masque/masque_tester.go:151.32,153.3 1 0
quic-test/internal/masque/masque_tester.go:154.2,154.31 1 0
quic-test/internal/masque/masque_tester.go:154.31,156.3 1 0
quic-test/internal/masque/masque_tester.go:157.2,157.29 1 0
quic-test/internal/masque/masque_tester.go:157.29,159.3 1 0
quic-test/internal/masque/masque_tester.go:161.2,161.12 1 0
quic-test/internal/masque/masque_tester.go:165.55,169.35 2 0
quic-test/internal/masque/masque_tester.go:169.35,171.48 2 0
quic-test/internal/masque/masque_tester.go:171.48,173.4 1 0
quic-test/internal/masque/masque_tester.go:177.2,177.34 1 0
quic-test/internal/masque/masque_tester.go:177.34,179.47 2 0
quic-test/internal/masque/masque_tester.go:179.47,181.4 1 0
quic-test/internal/masque/masque_tester.go:185.2,186.50 2 0
quic-test/internal/masque/masque_tester.go:186.50,188.3 1 0
quic-test/internal/masque/masque_tester.go:191.2,192.52 2 0
quic-test/internal/masque/masque_tester.go:192.52,194.3 1 0
quic-test/internal/masque/masque_tester.go:197.2,198.48 2 0
quic-test/internal/masque/masque_tester.go:198.48,200.3 1 0
quic-test/internal/masque/masque_tester.go:202.2,202.44 1 0
quic-test/internal/masque/masque_tester.go:206.67,209.46 2 0
quic-test/internal/masque/masque_tester.go:209.46,214.17 3 0
quic-test/internal/masque/masque_tester.go:214.17,217.12 3 0
quic-test/internal/masque/masque_tester.go:220.3,223.74 2 0
quic-test/internal/masque/masque_tester.go:223.74,225.4 1 0
quic-test/internal/masque/masque_tester.go:228.3,228.15 1 0
quic-test/internal/masque/masque_tester.go:231.2,231.12 1 0
quic-test/internal/masque/masque_tester.go:235.66,238.45 2 0
quic-test/internal/masque/masque_tester.go:238.45,243.17 3 0
quic-test/internal/masque/masque_tester.go:243.17,246.12 3 0
quic-test/internal/masque/masque_tester.go:249.3,252.73 2 0
quic-test/internal/masque/masque_tester.go:252.73,254.4 1 0
quic-test/internal/masque/masque_tester.go:257.3,257.15 1 0
quic-test/internal/masque/masque_tester.go:260.2,260.12 1 0
quic-test/internal/masque/masque_tester.go:264.70,272.16 4 0
quic-test/internal/masque/masque_tester.go:272.16,274.3 1 0
quic-test/internal/masque/masque_tester.go:276.2,280.14 3 0
quic-test/internal/masque/masque_tester.go:280.14,282.3 1 0
quic-test/internal/masque/masque_tester.go:284.2,289.12 2 0
quic-test/internal/masque/masque_tester.go:293.72,298.16 3 0
quic-test/internal/masque/masque_tester.go:298.16,300.3 1 0
quic-test/internal/masque/masque_tester.go:302.2,305.21 3 0
quic-test/internal/masque/masque_tester.go:305.21,307.3 1 0
quic-test/internal/masque/masque_tester.go:309.2,313.12 2 0
quic-test/internal/masque/masque_tester.go:317.68,322.16 3 0
quic-test/internal/masque/masque_tester.go:322.16,324.3 1 0
quic-test/internal/masque/masque_tester.go:326.2,330.16 3 0
quic-test/internal/masque/masque_tester.go:330.16,332.3 1 0
quic-test/internal/masque/masque_tester.go:334.2,340.12 3 0
quic-test/internal/masque/masque_tester.go:344.88,355.16 5 0
quic-test/internal/masque/masque_tester.go:355.16,357.3 1 0
quic-test/internal/masque/masque_tester.go:360.2,362.16 3 0
quic-test/internal/masque/masque_tester.go:362.16,364.3 1 0
quic-test/internal/masque/masque_tester.go:366.2,374.12 4 0
quic-test/internal/masque/masque_tester.go:378.53,382.2 3 0
quic-test/internal/masque/masque_tester.go:385.49,389.2 3 0
quic-test/internal/masque/masque_tester.go:392.41,396.2 3 0
quic-test/internal/quic/client.go:36.78,46.2 2 0
quic-test/internal/quic/client.go:49.39,53.20 3 0
quic-test/internal/quic/client.go:53.20,55.3 1 0
quic-test/internal/quic/client.go:58.2,68.16 3 0
quic-test/internal/quic/client.go:68.16,70.3 1 0
quic-test/internal/quic/client.go:72.2,80.12 5 0
quic-test/internal/quic/client.go:84.42,88.21 3 0
quic-test/internal/quic/client.go:88.21,90.3 1 0
quic-test/internal/quic/client.go:92.2,94.20 2 0
quic-test/internal/quic/client.go:94.20,96.3 1 0
quic-test/internal/quic/client.go:99.2,99.36 1 0
quic-test/internal/quic/client.go:99.36,101.3 1 0
quic-test/internal/quic/client.go:103.2,106.12 3 0
quic-test/internal/quic/client.go:110.42,114.2 3 0
quic-test/internal/quic/client.go:117.40,121.2 3 0
quic-test/internal/quic/client.go:124.51,128.39 3 0
quic-test/internal/quic/client.go:128.39,130.3 1 0
quic-test/internal/quic/client.go:133.2,134.16 2 0
quic-test/internal/quic/client.go:134.16,136.3 1 0
quic-test/internal/quic/client.go:139.2,145.16 5 0
quic-test/internal/quic/client.go:145.16,151.3 5 0
quic-test/internal/quic/client.go:153.2,157.12 2 0
quic-test/internal/quic/client.go:161.69,162.23 1 0
quic-test/internal/quic/client.go:162.23,164.3 1 0
quic-test/internal/quic/client.go:166.2,170.29 2 0
quic-test/internal/quic/client.go:170.29,173.23 2 0
quic-test/internal/quic/client.go:173.23,175.4 1 0
quic-test/internal/quic/client.go:177.3,177.43 1 0
quic-test/internal/quic/client.go:177.43,182.4 2 0
quic-test/internal/quic/client.go:185.3,185.36 1 0
quic-test/internal/quic/client.go:188.2,189.12 2 0
quic-test/internal/quic/client.go:193.39,194.6 1 0
quic-test/internal/quic/client.go:194.6,195.10 1 0
quic-test/internal/quic/client.go:196.24,197.10 1 0
quic-test/internal/quic/client.go:198.11,199.22 1 0
quic-test/internal/quic/client.go:199.22,201.5 1 0
quic-test/internal/quic/client.go:203.4,204.18 2 0
quic-test/internal/quic/client.go:204.18,205.28 1 0
quic-test/internal/quic/client.go:205.28,207.6 1 0
quic-test/internal/quic/client.go:208.5,209.13 2 0
quic-test/internal/quic/client.go:213.4,218.30 4 0
quic-test/internal/quic/client.go:224.56,225.15 1 0
quic-test/internal/quic/client.go:225.15,233.3 5 0
quic-test/internal/quic/client.go:235.2,237.6 2 0
quic-test/internal/quic/client.go:237.6,238.10 1 0
quic-test/internal/quic/client.go:239.24,240.10 1 0
quic-test/internal/quic/client.go:241.11,243.18 2 0
quic-test/internal/quic/client.go:243.18,244.22 1 0
quic-test/internal/quic/client.go:244.22,247.6 2 0
quic-test/internal/quic/client.go:248.5,249.11 2 0
quic-test/internal/quic/client.go:252.4,254.25 1 0
quic-test/internal/quic/manager.go:30.81,52.2 3 0
quic-test/internal/quic/manager.go:55.44,59.27 3 0
quic-test/internal/quic/manager.go:59.27,61.3 1 0
quic-test/internal/quic/manager.go:63.2,64.26 2 0
quic-test/internal/quic/manager.go:68.43,72.28 3 0
quic-test/internal/quic/manager.go:72.28,74.3 1 0
quic-test/internal/quic/manager.go:76.2,77.25 2 0
quic-test/internal/quic/manager.go:81.44,85.29 3 0
quic-test/internal/quic/manager.go:85.29,87.3 1 0
quic-test/internal/quic/manager.go:89.2,89.28 1 0
quic-test/internal/quic/manager.go:89.28,91.3 1 0
quic-test/internal/quic/manager.go:93.2,94.28 2 0
quic-test/internal/quic/manager.go:98.43,102.30 3 0
quic-test/internal/quic/manager.go:102.30,104.3 1 0
quic-test/internal/quic/manager.go:106.2,107.31 2 0
quic-test/internal/quic/manager.go:111.70,115.30 3 0
quic-test/internal/quic/manager.go:115.30,117.3 1 0
quic-test/internal/quic/manager.go:119.2,119.50 1 0
quic-test/internal/quic/manager.go:123.59,137.2 3 0
quic-test/internal/quic/manager.go:140.83,144.28 3 0
quic-test/internal/quic/manager.go:144.28,146.3 1 0
quic-test/internal/quic/manager.go:148.2,148.30 1 0
quic-test/internal/quic/manager.go:148.30,150.3 1 0
quic-test/internal/quic/manager.go:152.2,158.12 2 0
quic-test/internal/quic/manager.go:158.12,165.7 5 0
quic-test/internal/quic/manager.go:165.7,166.11 1 0
quic-test/internal/quic/manager.go:167.22,168.11 1 0
quic-test/internal/quic/manager.go:169.20,170.53 1 0
quic-test/internal/quic/manager.go:170.53,175.6 2 0
quic-test/internal/quic/manager.go:178.5,178.97 1 0
quic-test/internal/quic/manager.go:178.97,181.6 2 0
quic-test/internal/quic/manager.go:183.5,183.42 1 0
quic-test/internal/quic/manager.go:188.2,188.12 1 0
quic-test/internal/quic/manager.go:199.48,203.2 3 0
quic-test/internal/quic/manager.go:206.48,210.2 3 0
quic-test/internal/quic/server.go:42.78,52.2 2 0
quic-test/internal/quic/server.go:55.37,59.18 3 0
quic-test/internal/quic/server.go:59.18,61.3 1 0
quic-test/internal/quic/server.go:64.2,65.16 2 0
quic-test/internal/quic/server.go:65.16,67.3 1 0
quic-test/internal/quic/server.go:69.2,83.16 4 0
quic-test/internal/quic/server.go:83.16,85.3 1 0
quic-test/internal/quic/server.go:87.2,95.12 5 0
quic-test/internal/quic/server.go:99.36,103.19 3 0
quic-test/internal/quic/server.go:103.19,105.3 1 0
quic-test/internal/quic/server.go:107.2,109.24 2 0
quic-test/internal/quic/server.go:109.24,111.3 1 0
quic-test/internal/quic/server.go:114.2,114.38 1 0
quic-test/internal/quic/server.go:114.38,116.3 1 0
quic-test/internal/quic/server.go:118.2,121.12 3 0
quic-test/internal/quic/server.go:125.40,129.2 3 0
quic-test/internal/quic/server.go:132.44,136.2 3 0
quic-test/internal/quic/server.go:139.43,140.6 1 0
quic-test/internal/quic/server.go:140.6,141.10 1 0
quic-test/internal/quic/server.go:142.24,143.10 1 0
quic-test/internal/quic/server.go:144.11,146.18 2 0
quic-test/internal/quic/server.go:146.18,147.28 1 0
quic-test/internal/quic/server.go:147.28,149.6 1 0
quic-test/internal/quic/server.go:150.5,151.13 2 0
quic-test/internal/quic/server.go:155.4,165.41 6 0
quic-test/internal/quic/server.go:171.78,172.15 1 0
quic-test/internal/quic/server.go:172.15,180.3 5 0
quic-test/internal/quic/server.go:183.2,183.6 1 0
quic-test/internal/quic/server.go:183.6,184.10 1 0
quic-test/internal/quic/server.go:185.24,186.10 1 0
quic-test/internal/quic/server.go:187.11,189.18 2 0
quic-test/internal/quic/server.go:189.18,190.28 1 0
quic-test/internal/quic/server.go:190.28,192.6 1 0
quic-test/internal/quic/server.go:193.5,194.13 2 0
quic-test/internal/quic/server.go:198.4,198.38 1 0
quic-test/internal/quic/server.go:204.71,209.6 3 0
quic-test/internal/quic/server.go:209.6,210.10 1 0
quic-test/internal/quic/server.go:211.24,212.10 1 0
quic-test/internal/quic/server.go:213.11,215.18 2 0
quic-test/internal/quic/server.go:215.18,218.5 2 0
quic-test/internal/quic/server.go:220.4,226.18 3 0
quic-test/internal/quic/server.go:226.18,229.5 2 0
quic-test/internal/quic/server.go:235.64,238.16 2 0
quic-test/internal/quic/server.go:238.16,240.3 1 0
quic-test/internal/quic/server.go:242.2,246.8 1 0
quic-test/internal/quic/server.go:250.73,253.16 2 0
quic-test/internal/quic/server.go:253.16,255.3 1 0
quic-test/internal/quic/server.go:258.2,276.16 3 0
quic-test/internal/quic/server.go:276.16,278.3 1 0
quic-test/internal/quic/server.go:281.2,285.41 3 0
quic-test/server/server.go:35.35,38.20 2 0
quic-test/server/server.go:38.20,40.3 1 0
quic-test/server/server.go:42.2,44.16 3 0
quic-test/server/server.go:44.16,46.3 1 0
quic-test/server/server.go:47.2,50.12 3 0
quic-test/server/server.go:50.12,57.3 6 0
quic-test/server/server.go:59.2,59.12 1 0
quic-test/server/server.go:59.12,60.7 1 0
quic-test/server/server.go:60.7,62.18 2 0
quic-test/server/server.go:62.18,66.10 4 0
quic-test/server/server.go:68.4,71.32 4 0
quic-test/server/server.go:75.2,75.6 1 0
quic-test/server/server.go:75.6,76.10 1 0
quic-test/server/server.go:77.15,78.10 1 0
quic-test/server/server.go:79.38,80.31 1 0
quic-test/server/server.go:85.63,87.6 2 0
quic-test/server/server.go:87.6,89.17 2 0
quic-test/server/server.go:89.17,94.4 4 0
quic-test/server/server.go:95.3,98.35 4 0
quic-test/server/server.go:102.63,104.6 2 0
quic-test/server/server.go:104.6,106.12 2 0
quic-test/server/server.go:106.12,110.4 3 0
quic-test/server/server.go:111.3,111.17 1 0
quic-test/server/server.go:111.17,112.28 1 0
quic-test/server/server.go:112.28,116.5 3 0
quic-test/server/server.go:117.4,117.10 1 0
quic-test/server/server.go:122.57,123.15 1 0
quic-test/server/server.go:123.15,125.3 1 0
quic-test/server/server.go:126.2,126.45 1 0
quic-test/server/server.go:126.45,128.17 2 0
quic-test/server/server.go:128.17,130.4 1 0
quic-test/server/server.go:131.3,131.95 1 0
quic-test/server/server.go:133.2,135.16 3 0
quic-test/server/server.go:135.16,137.3 1 0
quic-test/server/server.go:138.2,138.94 1 0
quic-test/server/server.go:141.49,166.2 15 0
quic-test/server/server.go:168.54,172.20 1 0
quic-test/server/server.go:172.20,176.3 3 0
quic-test/server/server.go:177.2,180.20 1 0
quic-test/server/server.go:180.20,184.3 3 0
quic-test/server/server.go:185.2,188.20 1 0
quic-test/server/server.go:188.20,192.3 3 0
quic-test/server/server.go:193.2,196.20 1 0
quic-test/server/server.go:196.20,200.3 3 0
quic-test/server/server.go:201.2,204.20 1 0
quic-test/server/server.go:204.20,208.3 3 0
quic-test/server/server.go:210.2,213.35 4 0
